<?xml version="1.0" encoding="UTF-8"?>
<!-- Generated by org.testng.reporters.JUnitXMLReporter -->
<testsuite hostname="DESKTOP-S6UVQG8" ignored="0" name="Command line test" tests="3" failures="1" timestamp="05 Jun 2020 17:00:26 GMT" time="14.72" errors="0">
  <testcase name="login" time="8.366" classname="Test.TestCase.TestCase"/>
  <testcase name="verifyFilter" time="3.782" classname="Test.TestCase.TestCase">
    <failure type="java.lang.AssertionError" message="expected [true] but found [false]">
      <![CDATA[java.lang.AssertionError: expected [true] but found [false]
at Test.TestCase.TestCase.verifyFilter(TestCase.java:79)
... Removed 40 stack frames]]>
    </failure>
  </testcase> <!-- verifyFilter -->
  <testcase name="verifySort" time="2.203" classname="Test.TestCase.TestCase"/>
</testsuite> <!-- Command line test -->
