<?xml version="1.0" encoding="UTF-8" ?>
<testsuite tests="3" failures="1" name="Test.TestCase.TestCase" time="14.519" errors="0" skipped="0">
  <properties>
[...]
</properties>
  <testcase classname="Test.TestCase.TestCase" name="login" time="8.368"/>
  <testcase classname="Test.TestCase.TestCase" name="verifyFilter" time="3.949">
    <failure message="expected [true] but found [false]" type="java.lang.AssertionError">java.lang.AssertionError: expected [true] but found [false]
	at org.testng.Assert.fail(Assert.java:96)
	at org.testng.Assert.failNotEquals(Assert.java:776)
	at org.testng.Assert.assertEqualsImpl(Assert.java:137)
	at org.testng.Assert.assertEquals(Assert.java:118)
	at org.testng.Assert.assertEquals(Assert.java:568)
	at org.testng.Assert.assertEquals(Assert.java:578)
	at Test.TestCase.TestCase.verifyFilter(TestCase.java:79)
</failure>
    <system-out>--------------------------------------------------------------
There is at least one request which has status NOT being Inactive
--------------------------------------------------------------
</system-out>
  </testcase>
  <testcase classname="Test.TestCase.TestCase" name="verifySort" time="2.202"/>
</testsuite>