<?xml version="1.0" encoding="UTF-8"?>
<testng-results skipped="0" failed="0" ignored="0" total="1" passed="1">
  <reporter-output>
  </reporter-output>
  <suite name="testsuite" duration-ms="5224" started-at="2021-05-03T07:47:28Z" finished-at="2021-05-03T07:47:33Z">
    <groups>
    </groups>
    <test name="testlogin" duration-ms="5224" started-at="2021-05-03T07:47:28Z" finished-at="2021-05-03T07:47:33Z">
      <class name="Test.TestCase.TestCase">
        <test-method status="PASS" signature="initializeWeb()[pri:0, instance:Test.TestCase.TestCase@6a41eaa2]" name="initializeWeb" is-config="true" duration-ms="21896" started-at="2021-05-03T07:47:06Z" finished-at="2021-05-03T07:47:28Z">
          <reporter-output>
          </reporter-output>
        </test-method> <!-- initializeWeb -->
        <test-method status="PASS" signature="login()[pri:0, instance:Test.TestCase.TestCase@6a41eaa2]" name="login" duration-ms="5130" started-at="2021-05-03T07:47:28Z" finished-at="2021-05-03T07:47:33Z">
          <reporter-output>
          </reporter-output>
        </test-method> <!-- login -->
      </class> <!-- Test.TestCase.TestCase -->
    </test> <!-- testlogin -->
  </suite> <!-- testsuite -->
</testng-results>
